<?xml version="1.0" encoding="UTF-8" ?>
<testsuite tests="26" failures="0" name="org.accenture.katatennis.GameTest" time="0.101" errors="0" skipped="0">
  <properties>
[...]
</properties>
  <testcase classname="org.accenture.katatennis.GameTest" name="AdvantagePlayerTwoTest1" time="0.018"/>
  <testcase classname="org.accenture.katatennis.GameTest" name="AdvantagePlayerTwoTest2" time="0.006"/>
  <testcase classname="org.accenture.katatennis.GameTest" name="AdvantagePlayerTwoTest3" time="0.004"/>
  <testcase classname="org.accenture.katatennis.GameTest" name="PlayerOneWinsTest6" time="0.005"/>
  <testcase classname="org.accenture.katatennis.GameTest" name="AdvantagePlayerOneTest2" time="0.005"/>
  <testcase classname="org.accenture.katatennis.GameTest" name="AdvantagePlayerOneTest1" time="0.001"/>
  <testcase classname="org.accenture.katatennis.GameTest" name="PlayerOneWinsTest4" time="0.005"/>
  <testcase classname="org.accenture.katatennis.GameTest" name="PlayerTwoWinsTest2" time="0.003"/>
  <testcase classname="org.accenture.katatennis.GameTest" name="PlayerOneWinsTest2" time="0.005"/>
  <testcase classname="org.accenture.katatennis.GameTest" name="PlayerOneWinsTest1" time="0.008"/>
  <testcase classname="org.accenture.katatennis.GameTest" name="ThirtyFifteenTest" time="0.005"/>
  <testcase classname="org.accenture.katatennis.GameTest" name="PlayerOneWinsTest5" time="0.001"/>
  <testcase classname="org.accenture.katatennis.GameTest" name="PlayerTwoWinsTest1" time="0.008"/>
  <testcase classname="org.accenture.katatennis.GameTest" name="PlayerOneWinsTest3" time="0.003"/>
  <testcase classname="org.accenture.katatennis.GameTest" name="AdvantagePlayerOneTest3" time="0.019"/>
  <testcase classname="org.accenture.katatennis.GameTest" name="LoveAllTest" time="0.001"/>
  <testcase classname="org.accenture.katatennis.GameTest" name="DeuceTest3" time="0.001"/>
  <testcase classname="org.accenture.katatennis.GameTest" name="ThirtyAllTest" time="0.001"/>
  <testcase classname="org.accenture.katatennis.GameTest" name="FifteenAllTest" time="0"/>
  <testcase classname="org.accenture.katatennis.GameTest" name="DeuceTest1" time="0.001"/>
  <testcase classname="org.accenture.katatennis.GameTest" name="FortyLoveTest" time="0"/>
  <testcase classname="org.accenture.katatennis.GameTest" name="ThirtyLoveTest" time="0"/>
  <testcase classname="org.accenture.katatennis.GameTest" name="FortyFifteenTest" time="0"/>
  <testcase classname="org.accenture.katatennis.GameTest" name="DeuceTest2" time="0.001"/>
  <testcase classname="org.accenture.katatennis.GameTest" name="FifteenLoveTest" time="0"/>
  <testcase classname="org.accenture.katatennis.GameTest" name="FortyThirtyTest" time="0"/>
</testsuite>